npm verbose cli C:\Program Files\nodejs\node.exe C:\Program Files\nodejs\node_modules\npm\bin\npm-cli.js
npm info using npm@10.9.2
npm info using node@v22.16.0
npm verbose title npm install
npm verbose argv "install" "--legacy-peer-deps" "--no-audit" "--no-fund" "--loglevel" "verbose"
npm verbose logfile logs-max:10 dir:C:\Users\Harshit\AppData\Local\npm-cache\_logs\2025-08-10T10_02_23_758Z-
npm verbose logfile C:\Users\Harshit\AppData\Local\npm-cache\_logs\2025-08-10T10_02_23_758Z-debug-0.log
npm http cache https://registry.npmjs.org/react 199ms (cache hit)
npm http cache https://registry.npmjs.org/react-dom 113ms (cache hit)
npm http cache https://registry.npmjs.org/react-helmet-async 16ms (cache hit)
npm http cache https://registry.npmjs.org/react-icons 15ms (cache hit)
npm http cache https://registry.npmjs.org/react-router-dom 19ms (cache hit)
npm http cache https://registry.npmjs.org/typescript 105ms (cache hit)
npm http cache https://registry.npmjs.org/web-vitals 57ms (cache hit)
npm http cache https://registry.npmjs.org/i18next 24ms (cache hit)
npm http cache https://registry.npmjs.org/react-i18next 42ms (cache hit)
npm http cache https://registry.npmjs.org/@testing-library%2fdom 213ms (cache hit)
npm http cache https://registry.npmjs.org/@testing-library%2fjest-dom 43ms (cache hit)
npm http cache https://registry.npmjs.org/@testing-library%2freact 19ms (cache hit)
npm http cache https://registry.npmjs.org/@testing-library%2fuser-event 31ms (cache hit)
npm http cache https://registry.npmjs.org/@types%2fjest 15ms (cache hit)
npm http cache https://registry.npmjs.org/@types%2fnode 258ms (cache hit)
npm http cache https://registry.npmjs.org/@types%2freact 27ms (cache hit)
npm http cache https://registry.npmjs.org/@types%2freact-dom 13ms (cache hit)
npm http cache https://registry.npmjs.org/@typescript-eslint%2feslint-plugin 130ms (cache hit)
npm http cache https://registry.npmjs.org/@typescript-eslint%2fparser 82ms (cache hit)
npm http fetch GET 200 https://registry.npmjs.org/@vitejs%2fplugin-react 575ms (cache revalidated)
npm http fetch GET 200 https://registry.npmjs.org/autoprefixer 216ms (cache miss)
npm http cache https://registry.npmjs.org/eslint 174ms (cache hit)
npm http fetch GET 200 https://registry.npmjs.org/eslint-config-prettier 110ms (cache miss)
npm http fetch GET 200 https://registry.npmjs.org/eslint-plugin-import 302ms (cache miss)
npm http fetch GET 200 https://registry.npmjs.org/eslint-plugin-jsx-a11y 184ms (cache miss)
npm http fetch GET 200 https://registry.npmjs.org/eslint-plugin-react 1074ms (cache miss)
npm http fetch GET 200 https://registry.npmjs.org/eslint-plugin-react-hooks 1214ms (cache miss)
npm http fetch GET 200 https://registry.npmjs.org/postcss 167ms (cache miss)
npm http fetch GET 200 https://registry.npmjs.org/prettier 125ms (cache miss)
npm http fetch GET 200 https://registry.npmjs.org/tailwindcss 1389ms (cache miss)
npm http fetch GET 200 https://registry.npmjs.org/vite 4056ms (cache miss)
npm http fetch GET 200 https://registry.npmjs.org/@types%2freact-i18next 128ms (cache miss)
npm http fetch GET 200 https://registry.npmjs.org/@babel%2fcode-frame 174ms (cache miss)
npm http fetch GET 200 https://registry.npmjs.org/aria-query 114ms (cache miss)
npm http fetch GET 200 https://registry.npmjs.org/@types%2faria-query 500ms (cache miss)
npm http fetch GET 200 https://registry.npmjs.org/@babel%2fruntime 518ms (cache miss)
npm http fetch GET 200 https://registry.npmjs.org/dom-accessibility-api 402ms (cache miss)
npm http fetch GET 200 https://registry.npmjs.org/lz-string 219ms (cache miss)
npm http fetch GET 200 https://registry.npmjs.org/picocolors 121ms (cache miss)
npm http cache https://registry.npmjs.org/aria-query 30ms (cache hit)
npm http fetch GET 200 https://registry.npmjs.org/pretty-format 214ms (cache miss)
npm http cache https://registry.npmjs.org/dom-accessibility-api 16ms (cache hit)
npm http fetch GET 200 https://registry.npmjs.org/css.escape 146ms (cache miss)
npm http cache https://registry.npmjs.org/picocolors 14ms (cache hit)
npm http fetch GET 200 https://registry.npmjs.org/@adobe%2fcss-tools 288ms (cache miss)
npm http cache https://registry.npmjs.org/pretty-format 12ms (cache hit)
npm http fetch GET 200 https://registry.npmjs.org/redent 98ms (cache miss)
npm http fetch GET 200 https://registry.npmjs.org/lodash 148ms (cache miss)
npm http fetch GET 200 https://registry.npmjs.org/jest-matcher-utils 119ms (cache miss)
npm http fetch GET 200 https://registry.npmjs.org/undici-types 158ms (cache miss)
npm http fetch GET 200 https://registry.npmjs.org/csstype 149ms (cache miss)
npm http fetch GET 200 https://registry.npmjs.org/@types%2fprop-types 111ms (cache miss)
npm http fetch GET 200 https://registry.npmjs.org/ignore 101ms (cache miss)
npm http fetch GET 200 https://registry.npmjs.org/graphemer 101ms (cache miss)
npm http fetch GET 200 https://registry.npmjs.org/ts-api-utils 103ms (cache miss)
npm http fetch GET 200 https://registry.npmjs.org/natural-compare 99ms (cache miss)
npm http fetch GET 200 https://registry.npmjs.org/@eslint-community%2fregexpp 187ms (cache miss)
npm http fetch GET 200 https://registry.npmjs.org/@typescript-eslint%2futils 2707ms (cache miss)
npm http fetch GET 200 https://registry.npmjs.org/@typescript-eslint%2ftype-utils 2825ms (cache miss)
npm http fetch GET 200 https://registry.npmjs.org/debug 929ms (cache miss)
npm http fetch GET 200 https://registry.npmjs.org/@typescript-eslint%2fvisitor-keys 5395ms (cache miss)
npm http fetch GET 200 https://registry.npmjs.org/@typescript-eslint%2fscope-manager 4900ms (cache miss)
npm http fetch GET 200 https://registry.npmjs.org/@typescript-eslint%2ftypes 4717ms (cache miss)
npm http fetch GET 200 https://registry.npmjs.org/@babel%2fcore 924ms (cache miss)
npm http fetch GET 200 https://registry.npmjs.org/@typescript-eslint%2fscope-manager 4487ms (cache miss)
npm http fetch GET 200 https://registry.npmjs.org/@types%2fbabel__core 247ms (cache miss)
npm http fetch GET 200 https://registry.npmjs.org/@rolldown%2fpluginutils 1180ms (cache miss)
npm http fetch GET 200 https://registry.npmjs.org/react-refresh 2060ms (cache miss)
npm http fetch GET 200 https://registry.npmjs.org/@babel%2fplugin-transform-react-jsx-source 956ms (cache miss)
npm http fetch GET 200 https://registry.npmjs.org/@babel%2fplugin-transform-react-jsx-self 1317ms (cache miss)
npm http fetch GET 200 https://registry.npmjs.org/fraction.js 174ms (cache miss)
npm http fetch GET 200 https://registry.npmjs.org/browserslist 318ms (cache miss)
npm http fetch GET 200 https://registry.npmjs.org/normalize-range 256ms (cache miss)
npm http fetch GET 200 https://registry.npmjs.org/postcss-value-parser 388ms (cache miss)
npm http fetch GET 200 https://registry.npmjs.org/@eslint-community%2feslint-utils 395ms (cache miss)
npm http cache https://registry.npmjs.org/@eslint-community%2fregexpp 72ms (cache hit)
npm http fetch GET 200 https://registry.npmjs.org/@eslint%2fconfig-array 235ms (cache miss)
npm http fetch GET 200 https://registry.npmjs.org/@typescript-eslint%2ftypescript-estree 7214ms (cache miss)
npm http fetch GET 200 https://registry.npmjs.org/@eslint%2fconfig-helpers 678ms (cache miss)
npm http fetch GET 200 https://registry.npmjs.org/caniuse-lite 2398ms (cache miss)
npm http fetch GET 200 https://registry.npmjs.org/@eslint%2fcore 163ms (cache miss)
npm http fetch GET 200 https://registry.npmjs.org/@eslint%2feslintrc 172ms (cache miss)
npm http fetch GET 200 https://registry.npmjs.org/@eslint%2fjs 149ms (cache miss)
npm http fetch GET 200 https://registry.npmjs.org/@eslint%2fplugin-kit 133ms (cache miss)
npm http fetch GET 200 https://registry.npmjs.org/@humanwhocodes%2fmodule-importer 120ms (cache miss)
npm http fetch GET 200 https://registry.npmjs.org/@humanwhocodes%2fretry 158ms (cache miss)
npm http fetch GET 200 https://registry.npmjs.org/@humanfs%2fnode 302ms (cache miss)
npm http fetch GET 200 https://registry.npmjs.org/@types%2festree 144ms (cache miss)
npm http fetch GET 200 https://registry.npmjs.org/@types%2fjson-schema 111ms (cache miss)
npm http fetch GET 200 https://registry.npmjs.org/cross-spawn 117ms (cache miss)
npm http fetch GET 200 https://registry.npmjs.org/chalk 153ms (cache miss)
npm http cache https://registry.npmjs.org/debug 33ms (cache hit)
npm http fetch GET 200 https://registry.npmjs.org/escape-string-regexp 92ms (cache miss)
npm http fetch GET 200 https://registry.npmjs.org/ajv 296ms (cache miss)
npm http fetch GET 200 https://registry.npmjs.org/eslint-scope 139ms (cache miss)
npm http fetch GET 200 https://registry.npmjs.org/eslint-visitor-keys 148ms (cache miss)
npm http fetch GET 200 https://registry.npmjs.org/esutils 120ms (cache miss)
npm http fetch GET 200 https://registry.npmjs.org/esquery 204ms (cache miss)
npm http fetch GET 200 https://registry.npmjs.org/file-entry-cache 144ms (cache miss)
npm http fetch GET 200 https://registry.npmjs.org/espree 387ms (cache miss)
npm http fetch GET 200 https://registry.npmjs.org/fast-deep-equal 205ms (cache miss)
npm http cache https://registry.npmjs.org/ignore 27ms (cache hit)
npm http fetch GET 200 https://registry.npmjs.org/find-up 141ms (cache miss)
npm http fetch GET 200 https://registry.npmjs.org/glob-parent 146ms (cache miss)
npm http fetch GET 200 https://registry.npmjs.org/imurmurhash 177ms (cache miss)
npm http fetch GET 200 https://registry.npmjs.org/is-glob 136ms (cache miss)
npm http fetch GET 200 https://registry.npmjs.org/json-stable-stringify-without-jsonify 103ms (cache miss)
npm http fetch GET 200 https://registry.npmjs.org/lodash.merge 136ms (cache miss)
npm http fetch GET 200 https://registry.npmjs.org/optionator 183ms (cache miss)
npm http fetch GET 200 https://registry.npmjs.org/minimatch 213ms (cache miss)
npm http fetch GET 200 https://registry.npmjs.org/@rtsao%2fscc 155ms (cache miss)
npm http fetch GET 200 https://registry.npmjs.org/array-includes 172ms (cache miss)
npm http fetch GET 200 https://registry.npmjs.org/array.prototype.findlastindex 176ms (cache miss)
npm http fetch GET 200 https://registry.npmjs.org/array.prototype.flat 201ms (cache miss)
npm http fetch GET 200 https://registry.npmjs.org/array.prototype.flatmap 154ms (cache miss)
npm http fetch GET 200 https://registry.npmjs.org/doctrine 199ms (cache miss)
npm http fetch GET 200 https://registry.npmjs.org/eslint-import-resolver-node 168ms (cache miss)
npm http fetch GET 200 https://registry.npmjs.org/hasown 180ms (cache miss)
npm http cache https://registry.npmjs.org/is-glob 16ms (cache hit)
npm http fetch GET 200 https://registry.npmjs.org/is-core-module 179ms (cache miss)
npm http fetch GET 200 https://registry.npmjs.org/object.fromentries 160ms (cache miss)
npm http fetch GET 200 https://registry.npmjs.org/object.groupby 145ms (cache miss)
npm http fetch GET 200 https://registry.npmjs.org/object.values 137ms (cache miss)
npm http fetch GET 200 https://registry.npmjs.org/string.prototype.trimend 185ms (cache miss)
npm http fetch GET 200 https://registry.npmjs.org/semver 252ms (cache miss)
npm http cache https://registry.npmjs.org/array-includes 26ms (cache hit)
npm http cache https://registry.npmjs.org/array.prototype.flatmap 10ms (cache hit)
npm http fetch GET 200 https://registry.npmjs.org/tsconfig-paths 191ms (cache miss)
npm http fetch GET 200 https://registry.npmjs.org/eslint-module-utils 983ms (cache miss)
npm http fetch GET 200 https://registry.npmjs.org/ast-types-flow 211ms (cache miss)
npm http fetch GET 200 https://registry.npmjs.org/axobject-query 366ms (cache miss)
npm http fetch GET 200 https://registry.npmjs.org/damerau-levenshtein 340ms (cache miss)
npm http fetch GET 200 https://registry.npmjs.org/emoji-regex 2698ms (cache miss)
npm http fetch GET 200 https://registry.npmjs.org/jsx-ast-utils 2814ms (cache miss)
npm http fetch GET 200 https://registry.npmjs.org/axe-core 3254ms (cache miss)
npm http fetch GET 200 https://registry.npmjs.org/string.prototype.includes 218ms (cache miss)
npm http fetch GET 200 https://registry.npmjs.org/safe-regex-test 501ms (cache miss)
npm http fetch GET 200 https://registry.npmjs.org/array.prototype.findlast 127ms (cache miss)
npm http fetch GET 200 https://registry.npmjs.org/es-iterator-helpers 138ms (cache miss)
npm http fetch GET 200 https://registry.npmjs.org/language-tags 911ms (cache miss)
npm http cache https://registry.npmjs.org/jsx-ast-utils 47ms (cache hit)
npm http fetch GET 200 https://registry.npmjs.org/estraverse 155ms (cache miss)
npm http fetch GET 200 https://registry.npmjs.org/array.prototype.tosorted 351ms (cache miss)
npm http fetch GET 200 https://registry.npmjs.org/resolve 231ms (cache miss)
npm http fetch GET 200 https://registry.npmjs.org/string.prototype.matchall 124ms (cache miss)
npm http fetch GET 200 https://registry.npmjs.org/prop-types 469ms (cache miss)
npm http cache https://registry.npmjs.org/@babel%2fruntime 67ms (cache hit)
npm http fetch GET 200 https://registry.npmjs.org/string.prototype.repeat 294ms (cache miss)
npm http fetch GET 200 https://registry.npmjs.org/object.entries 725ms (cache miss)
npm http fetch GET 200 https://registry.npmjs.org/source-map-js 205ms (cache miss)
npm http fetch GET 200 https://registry.npmjs.org/loose-envify 220ms (cache miss)
npm http fetch GET 200 https://registry.npmjs.org/invariant 238ms (cache miss)
npm http fetch GET 200 https://registry.npmjs.org/nanoid 1008ms (cache miss)
npm http fetch GET 200 https://registry.npmjs.org/react-fast-compare 496ms (cache miss)
npm http cache https://registry.npmjs.org/@babel%2fruntime 35ms (cache hit)
npm http fetch GET 200 https://registry.npmjs.org/html-parse-stringify 386ms (cache miss)
npm http fetch GET 200 https://registry.npmjs.org/shallowequal 1022ms (cache miss)
npm http fetch GET 200 https://registry.npmjs.org/arg 254ms (cache miss)
npm http fetch GET 200 https://registry.npmjs.org/dlv 182ms (cache miss)
npm http cache https://registry.npmjs.org/jiti 15ms (cache hit)
npm http cache https://registry.npmjs.org/resolve 36ms (cache hit)
npm http fetch GET 200 https://registry.npmjs.org/scheduler 2949ms (cache miss)
npm http fetch GET 200 https://registry.npmjs.org/sucrase 795ms (cache miss)
npm http fetch GET 200 https://registry.npmjs.org/fast-glob 624ms (cache miss)
npm http fetch GET 200 https://registry.npmjs.org/chokidar 787ms (cache miss)
npm http fetch GET 200 https://registry.npmjs.org/lilconfig 260ms (cache miss)
npm http fetch GET 200 https://registry.npmjs.org/didyoumean 297ms (cache miss)
npm http fetch GET 200 https://registry.npmjs.org/react-router 3261ms (cache miss)
npm http fetch GET 200 https://registry.npmjs.org/micromatch 741ms (cache miss)
npm http fetch GET 200 https://registry.npmjs.org/object-hash 213ms (cache miss)
npm http fetch GET 200 https://registry.npmjs.org/normalize-path 148ms (cache miss)
npm http fetch GET 200 https://registry.npmjs.org/postcss-nested 195ms (cache miss)
npm http fetch GET 200 https://registry.npmjs.org/postcss-js 1015ms (cache miss)
npm http fetch GET 200 https://registry.npmjs.org/postcss-import 245ms (cache miss)
npm http fetch GET 200 https://registry.npmjs.org/@alloc%2fquick-lru 138ms (cache miss)
npm http fetch GET 200 https://registry.npmjs.org/postcss-load-config 152ms (cache miss)
npm http fetch GET 200 https://registry.npmjs.org/postcss-selector-parser 281ms (cache miss)
npm http fetch GET 200 https://registry.npmjs.org/fdir 226ms (cache miss)
npm http fetch GET 200 https://registry.npmjs.org/picomatch 200ms (cache miss)
npm http fetch GET 200 https://registry.npmjs.org/tinyglobby 176ms (cache miss)
npm http fetch GET 200 https://registry.npmjs.org/rollup 805ms (cache miss)
npm http fetch GET 200 https://registry.npmjs.org/fsevents 894ms (cache miss)
npm http fetch GET 200 https://registry.npmjs.org/esbuild 1512ms (cache miss)
npm http fetch GET 200 https://registry.npmjs.org/js-tokens 120ms (cache miss)
npm http fetch GET 200 https://registry.npmjs.org/dequal 129ms (cache miss)
npm http fetch GET 200 https://registry.npmjs.org/ansi-regex 151ms (cache miss)
npm http fetch GET 200 https://registry.npmjs.org/@babel%2fhelper-validator-identifier 294ms (cache miss)
npm http fetch GET 200 https://registry.npmjs.org/ansi-styles 156ms (cache miss)
npm http fetch GET 200 https://registry.npmjs.org/react-is 1105ms (cache miss)
npm http fetch GET 200 https://registry.npmjs.org/strip-indent 126ms (cache miss)
npm http fetch GET 200 https://registry.npmjs.org/indent-string 140ms (cache miss)
npm http fetch GET 200 https://registry.npmjs.org/jest-diff 179ms (cache miss)
npm http fetch GET 200 https://registry.npmjs.org/jest-get-type 435ms (cache miss)
npm http cache https://registry.npmjs.org/@eslint-community%2feslint-utils 241ms (cache hit)
npm http cache https://registry.npmjs.org/eslint-visitor-keys 247ms (cache hit)
npm http cache https://registry.npmjs.org/minimatch 222ms (cache hit)
npm http cache https://registry.npmjs.org/semver 281ms (cache hit)
npm http fetch GET 200 https://registry.npmjs.org/globby 300ms (cache miss)
npm http fetch GET 200 https://registry.npmjs.org/ms 280ms (cache miss)
npm http fetch GET 200 https://registry.npmjs.org/merge2 183ms (cache miss)
npm http fetch GET 200 https://registry.npmjs.org/dir-glob 169ms (cache miss)
npm http fetch GET 200 https://registry.npmjs.org/slash 202ms (cache miss)
npm http cache https://registry.npmjs.org/fast-glob 37ms (cache hit)
npm http fetch GET 200 https://registry.npmjs.org/array-union 93ms (cache miss)
npm http fetch GET 200 https://registry.npmjs.org/is-extglob 137ms (cache miss)
npm http fetch GET 200 https://registry.npmjs.org/brace-expansion 116ms (cache miss)
npm http fetch GET 200 https://registry.npmjs.org/json5 355ms (cache miss)
npm http fetch GET 200 https://registry.npmjs.org/gensync 399ms (cache miss)
npm http fetch GET 200 https://registry.npmjs.org/@babel%2ftypes 649ms (cache miss)
npm http fetch GET 200 https://registry.npmjs.org/@babel%2fhelpers 321ms (cache miss)
npm http fetch GET 200 https://registry.npmjs.org/@babel%2fparser 391ms (cache miss)
npm http fetch GET 200 https://registry.npmjs.org/@babel%2ftemplate 141ms (cache miss)
npm http fetch GET 200 https://registry.npmjs.org/convert-source-map 111ms (cache miss)
npm http fetch GET 200 https://registry.npmjs.org/@babel%2ftraverse 229ms (cache miss)
npm http fetch GET 200 https://registry.npmjs.org/@babel%2fgenerator 262ms (cache miss)
npm http fetch GET 200 https://registry.npmjs.org/@ampproject%2fremapping 128ms (cache miss)
npm http fetch GET 200 https://registry.npmjs.org/@babel%2fhelper-module-transforms 198ms (cache miss)
npm http fetch GET 200 https://registry.npmjs.org/@babel%2fhelper-compilation-targets 169ms (cache miss)
npm http fetch GET 200 https://registry.npmjs.org/@babel%2fhelper-plugin-utils 147ms (cache miss)
npm http cache https://registry.npmjs.org/@babel%2ftypes 29ms (cache hit)
npm http cache https://registry.npmjs.org/@babel%2fparser 63ms (cache hit)
npm http fetch GET 200 https://registry.npmjs.org/@babel%2fhelper-plugin-utils 176ms (cache miss)
npm http fetch GET 200 https://registry.npmjs.org/@types%2fbabel__template 122ms (cache miss)
npm http fetch GET 200 https://registry.npmjs.org/@types%2fbabel__traverse 635ms (cache miss)
npm http fetch GET 200 https://registry.npmjs.org/@types%2fbabel__generator 615ms (cache miss)
npm http fetch GET 200 https://registry.npmjs.org/jsesc 192ms (cache miss)
npm http fetch GET 200 https://registry.npmjs.org/@jridgewell%2ftrace-mapping 220ms (cache miss)
npm http cache https://registry.npmjs.org/@jridgewell%2ftrace-mapping 18ms (cache hit)
npm http fetch GET 200 https://registry.npmjs.org/@jridgewell%2fgen-mapping 321ms (cache miss)
npm http cache https://registry.npmjs.org/browserslist 10ms (cache hit)
npm http fetch GET 200 https://registry.npmjs.org/@jridgewell%2fgen-mapping 176ms (cache miss)
npm http fetch GET 200 https://registry.npmjs.org/@babel%2fhelper-validator-option 179ms (cache miss)
npm http cache https://registry.npmjs.org/@babel%2ftraverse 35ms (cache hit)
npm http fetch GET 200 https://registry.npmjs.org/@babel%2fcompat-data 292ms (cache miss)
npm http fetch GET 200 https://registry.npmjs.org/lru-cache 452ms (cache miss)
npm http fetch GET 200 https://registry.npmjs.org/@babel%2fhelper-string-parser 268ms (cache miss)
npm http fetch GET 200 https://registry.npmjs.org/@babel%2fhelper-module-imports 391ms (cache miss)
npm http fetch GET 200 https://registry.npmjs.org/@babel%2fhelper-globals 355ms (cache miss)
npm http fetch GET 200 https://registry.npmjs.org/@jridgewell%2fresolve-uri 353ms (cache miss)
npm http fetch GET 200 https://registry.npmjs.org/@jridgewell%2fsourcemap-codec 374ms (cache miss)
npm http fetch GET 200 https://registry.npmjs.org/@jridgewell%2fsourcemap-codec 416ms (cache miss)
npm http cache https://registry.npmjs.org/caniuse-lite 43ms (cache hit)
npm http fetch GET 200 https://registry.npmjs.org/update-browserslist-db 377ms (cache miss)
npm http fetch GET 200 https://registry.npmjs.org/node-releases 494ms (cache miss)
npm http fetch GET 200 https://registry.npmjs.org/yallist 300ms (cache miss)
npm http fetch GET 200 https://registry.npmjs.org/electron-to-chromium 2237ms (cache miss)
npm http fetch GET 200 https://registry.npmjs.org/escalade 247ms (cache miss)
npm http fetch GET 200 https://registry.npmjs.org/@eslint%2fobject-schema 203ms (cache miss)
npm http cache https://registry.npmjs.org/espree 221ms (cache hit)
npm http fetch GET 200 https://registry.npmjs.org/globals 241ms (cache miss)
npm http fetch GET 200 https://registry.npmjs.org/js-yaml 123ms (cache miss)
npm http fetch GET 200 https://registry.npmjs.org/import-fresh 170ms (cache miss)
npm http cache https://registry.npmjs.org/@humanwhocodes%2fretry 12ms (cache hit)
npm http fetch GET 200 https://registry.npmjs.org/strip-json-comments 154ms (cache miss)
npm http fetch GET 200 https://registry.npmjs.org/levn 131ms (cache miss)
npm http cache https://registry.npmjs.org/fast-deep-equal 72ms (cache hit)
npm http fetch GET 200 https://registry.npmjs.org/@humanfs%2fcore 218ms (cache miss)
npm http fetch GET 200 https://registry.npmjs.org/uri-js 221ms (cache miss)
npm http cache https://registry.npmjs.org/ansi-styles 16ms (cache hit)
npm http fetch GET 200 https://registry.npmjs.org/json-schema-traverse 111ms (cache miss)
npm http fetch GET 200 https://registry.npmjs.org/fast-json-stable-stringify 109ms (cache miss)
npm http fetch GET 200 https://registry.npmjs.org/which 127ms (cache miss)
npm http fetch GET 200 https://registry.npmjs.org/path-key 100ms (cache miss)
npm http fetch GET 200 https://registry.npmjs.org/shebang-command 98ms (cache miss)
npm http cache https://registry.npmjs.org/estraverse 21ms (cache hit)
npm http fetch GET 200 https://registry.npmjs.org/esrecurse 131ms (cache miss)
npm http fetch GET 200 https://registry.npmjs.org/supports-color 432ms (cache miss)
npm http fetch GET 200 https://registry.npmjs.org/acorn-jsx 168ms (cache miss)
npm http fetch GET 200 https://registry.npmjs.org/acorn 256ms (cache miss)
npm http fetch GET 200 https://registry.npmjs.org/locate-path 97ms (cache miss)
npm http cache https://registry.npmjs.org/brace-expansion 12ms (cache hit)
npm http fetch GET 200 https://registry.npmjs.org/path-exists 107ms (cache miss)
npm http fetch GET 200 https://registry.npmjs.org/prelude-ls 136ms (cache miss)
npm http fetch GET 200 https://registry.npmjs.org/flat-cache 318ms (cache miss)
npm http fetch GET 200 https://registry.npmjs.org/deep-is 124ms (cache miss)
npm http fetch GET 200 https://registry.npmjs.org/word-wrap 111ms (cache miss)
npm http fetch GET 200 https://registry.npmjs.org/fast-levenshtein 110ms (cache miss)
npm http fetch GET 200 https://registry.npmjs.org/type-check 155ms (cache miss)
npm http fetch GET 200 https://registry.npmjs.org/resolve-from 126ms (cache miss)
npm http fetch GET 200 https://registry.npmjs.org/parent-module 177ms (cache miss)
npm http fetch GET 200 https://registry.npmjs.org/argparse 212ms (cache miss)
npm http cache https://registry.npmjs.org/type-check 17ms (cache hit)
npm http fetch GET 200 https://registry.npmjs.org/punycode 133ms (cache miss)
npm http fetch GET 200 https://registry.npmjs.org/color-convert 104ms (cache miss)
npm http fetch GET 200 https://registry.npmjs.org/has-flag 134ms (cache miss)
npm http fetch GET 200 https://registry.npmjs.org/color-name 137ms (cache miss)
npm http fetch GET 200 https://registry.npmjs.org/shebang-regex 98ms (cache miss)
npm http fetch GET 200 https://registry.npmjs.org/isexe 123ms (cache miss)
npm http fetch GET 200 https://registry.npmjs.org/call-bind 112ms (cache miss)
npm http fetch GET 200 https://registry.npmjs.org/call-bound 133ms (cache miss)
npm http fetch GET 200 https://registry.npmjs.org/define-properties 173ms (cache miss)
npm http fetch GET 200 https://registry.npmjs.org/es-object-atoms 96ms (cache miss)
npm http fetch GET 200 https://registry.npmjs.org/es-abstract 151ms (cache miss)
npm http fetch GET 200 https://registry.npmjs.org/is-string 123ms (cache miss)
npm http fetch GET 200 https://registry.npmjs.org/get-intrinsic 192ms (cache miss)
npm http fetch GET 200 https://registry.npmjs.org/math-intrinsics 128ms (cache miss)
npm http cache https://registry.npmjs.org/es-abstract 73ms (cache hit)
npm http fetch GET 200 https://registry.npmjs.org/es-shim-unscopables 162ms (cache miss)
npm http fetch GET 200 https://registry.npmjs.org/es-errors 211ms (cache miss)
npm http fetch GET 200 https://registry.npmjs.org/es-shim-unscopables 135ms (cache miss)
npm http cache https://registry.npmjs.org/es-shim-unscopables 43ms (cache hit)
npm http cache https://registry.npmjs.org/is-core-module 41ms (cache hit)
npm http cache https://registry.npmjs.org/call-bind 37ms (cache hit)
npm http cache https://registry.npmjs.org/es-object-atoms 45ms (cache hit)
npm http fetch GET 200 https://registry.npmjs.org/function-bind 100ms (cache miss)
npm http cache https://registry.npmjs.org/call-bound 43ms (cache hit)
npm http cache https://registry.npmjs.org/call-bound 62ms (cache hit)
npm http cache https://registry.npmjs.org/json5 82ms (cache hit)
npm http fetch GET 200 https://registry.npmjs.org/strip-bom 117ms (cache miss)
npm http fetch GET 200 https://registry.npmjs.org/@types%2fjson5 123ms (cache miss)
npm http fetch GET 200 https://registry.npmjs.org/minimist 226ms (cache miss)
npm http cache https://registry.npmjs.org/get-intrinsic 21ms (cache hit)
npm http fetch GET 200 https://registry.npmjs.org/es-define-property 118ms (cache miss)
npm http fetch GET 200 https://registry.npmjs.org/call-bind-apply-helpers 124ms (cache miss)
npm http fetch GET 200 https://registry.npmjs.org/set-function-length 112ms (cache miss)
npm http cache https://registry.npmjs.org/call-bind-apply-helpers 26ms (cache hit)
npm http fetch GET 200 https://registry.npmjs.org/object-keys 158ms (cache miss)
npm http fetch GET 200 https://registry.npmjs.org/has-property-descriptors 172ms (cache miss)
npm http fetch GET 200 https://registry.npmjs.org/define-data-property 210ms (cache miss)
npm http fetch GET 200 https://registry.npmjs.org/arraybuffer.prototype.slice 87ms (cache miss)
npm http fetch GET 200 https://registry.npmjs.org/array-buffer-byte-length 106ms (cache miss)
npm http fetch GET 200 https://registry.npmjs.org/available-typed-arrays 148ms (cache miss)
npm http fetch GET 200 https://registry.npmjs.org/data-view-buffer 87ms (cache miss)
npm http cache https://registry.npmjs.org/es-define-property 30ms (cache hit)
npm http fetch GET 200 https://registry.npmjs.org/data-view-byte-length 113ms (cache miss)
npm http fetch GET 200 https://registry.npmjs.org/data-view-byte-offset 90ms (cache miss)
npm http fetch GET 200 https://registry.npmjs.org/es-to-primitive 94ms (cache miss)
npm http fetch GET 200 https://registry.npmjs.org/es-set-tostringtag 130ms (cache miss)
npm http fetch GET 200 https://registry.npmjs.org/function.prototype.name 104ms (cache miss)
npm http fetch GET 200 https://registry.npmjs.org/get-proto 94ms (cache miss)
npm http fetch GET 200 https://registry.npmjs.org/get-symbol-description 120ms (cache miss)
npm http cache https://registry.npmjs.org/has-property-descriptors 21ms (cache hit)
npm http fetch GET 200 https://registry.npmjs.org/globalthis 118ms (cache miss)
npm http fetch GET 200 https://registry.npmjs.org/gopd 99ms (cache miss)
npm http fetch GET 200 https://registry.npmjs.org/has-proto 133ms (cache miss)
npm http fetch GET 200 https://registry.npmjs.org/internal-slot 111ms (cache miss)
npm http fetch GET 200 https://registry.npmjs.org/has-symbols 142ms (cache miss)
npm http fetch GET 200 https://registry.npmjs.org/is-array-buffer 133ms (cache miss)
npm http fetch GET 200 https://registry.npmjs.org/is-data-view 125ms (cache miss)
npm http fetch GET 200 https://registry.npmjs.org/is-callable 179ms (cache miss)
npm http fetch GET 200 https://registry.npmjs.org/is-negative-zero 104ms (cache miss)
npm http fetch GET 200 https://registry.npmjs.org/is-regex 109ms (cache miss)
npm http fetch GET 200 https://registry.npmjs.org/is-set 137ms (cache miss)
npm http fetch GET 200 https://registry.npmjs.org/is-shared-array-buffer 121ms (cache miss)
npm http fetch GET 200 https://registry.npmjs.org/is-typed-array 148ms (cache miss)
npm http fetch GET 200 https://registry.npmjs.org/is-weakref 121ms (cache miss)
npm http fetch GET 200 https://registry.npmjs.org/object-inspect 125ms (cache miss)
npm http fetch GET 200 https://registry.npmjs.org/object.assign 108ms (cache miss)
npm http fetch GET 200 https://registry.npmjs.org/own-keys 111ms (cache miss)
npm http fetch GET 200 https://registry.npmjs.org/regexp.prototype.flags 188ms (cache miss)
npm http fetch GET 200 https://registry.npmjs.org/safe-push-apply 128ms (cache miss)
npm http fetch GET 200 https://registry.npmjs.org/safe-array-concat 175ms (cache miss)
npm http cache https://registry.npmjs.org/safe-regex-test 37ms (cache hit)
npm http fetch GET 200 https://registry.npmjs.org/set-proto 113ms (cache miss)
npm http fetch GET 200 https://registry.npmjs.org/stop-iteration-iterator 119ms (cache miss)
npm http fetch GET 200 https://registry.npmjs.org/string.prototype.trim 173ms (cache miss)
npm http fetch GET 200 https://registry.npmjs.org/string.prototype.trimstart 123ms (cache miss)
npm http fetch GET 200 https://registry.npmjs.org/typed-array-buffer 138ms (cache miss)
npm http fetch GET 200 https://registry.npmjs.org/typed-array-byte-length 126ms (cache miss)
npm http fetch GET 200 https://registry.npmjs.org/typed-array-byte-offset 136ms (cache miss)
npm http fetch GET 200 https://registry.npmjs.org/typed-array-length 121ms (cache miss)
npm http fetch GET 200 https://registry.npmjs.org/unbox-primitive 137ms (cache miss)
npm http fetch GET 200 https://registry.npmjs.org/which-typed-array 136ms (cache miss)
npm http fetch GET 200 https://registry.npmjs.org/has-tostringtag 120ms (cache miss)
npm http cache https://registry.npmjs.org/define-data-property 20ms (cache hit)
npm http cache https://registry.npmjs.org/gopd 18ms (cache hit)
npm http cache https://registry.npmjs.org/is-array-buffer 22ms (cache hit)
npm http cache https://registry.npmjs.org/is-data-view 26ms (cache hit)
npm http fetch GET 200 https://registry.npmjs.org/possible-typed-array-names 114ms (cache miss)
npm http fetch GET 200 https://registry.npmjs.org/is-date-object 95ms (cache miss)
npm http fetch GET 200 https://registry.npmjs.org/is-symbol 135ms (cache miss)
npm http fetch GET 200 https://registry.npmjs.org/dunder-proto 90ms (cache miss)
npm http fetch GET 200 https://registry.npmjs.org/functions-have-names 133ms (cache miss)
npm http cache https://registry.npmjs.org/is-typed-array 17ms (cache hit)
npm http fetch GET 200 https://registry.npmjs.org/dunder-proto 108ms (cache miss)
npm http cache https://registry.npmjs.org/which-typed-array 20ms (cache hit)
npm http fetch GET 200 https://registry.npmjs.org/side-channel 98ms (cache miss)
npm http fetch GET 200 https://registry.npmjs.org/isarray 141ms (cache miss)
npm http fetch GET 200 https://registry.npmjs.org/isarray 132ms (cache miss)
npm http fetch GET 200 https://registry.npmjs.org/set-function-name 168ms (cache miss)
npm http fetch GET 200 https://registry.npmjs.org/for-each 88ms (cache miss)
npm http fetch GET 200 https://registry.npmjs.org/reflect.getprototypeof 95ms (cache miss)
npm http fetch GET 200 https://registry.npmjs.org/for-each 119ms (cache miss)
npm http fetch GET 200 https://registry.npmjs.org/reflect.getprototypeof 79ms (cache miss)
npm http cache https://registry.npmjs.org/for-each 10ms (cache hit)
npm http fetch GET 200 https://registry.npmjs.org/has-bigints 103ms (cache miss)
npm http fetch GET 200 https://registry.npmjs.org/which-boxed-primitive 118ms (cache miss)
npm http fetch GET 200 https://registry.npmjs.org/path-parse 119ms (cache miss)
npm http fetch GET 200 https://registry.npmjs.org/supports-preserve-symlinks-flag 124ms (cache miss)
npm http fetch GET 200 https://registry.npmjs.org/language-subtag-registry 134ms (cache miss)
npm http cache https://registry.npmjs.org/loose-envify 14ms (cache hit)
npm http cache https://registry.npmjs.org/react-is 39ms (cache hit)
npm http fetch GET 200 https://registry.npmjs.org/iterator.prototype 183ms (cache miss)
npm http fetch GET 200 https://registry.npmjs.org/object-assign 185ms (cache miss)
npm http fetch GET 200 https://registry.npmjs.org/flatted 112ms (cache miss)
npm http fetch GET 200 https://registry.npmjs.org/keyv 383ms (cache miss)
npm http fetch GET 200 https://registry.npmjs.org/p-locate 111ms (cache miss)
npm http fetch GET 200 https://registry.npmjs.org/json-buffer 87ms (cache miss)
npm http fetch GET 200 https://registry.npmjs.org/path-type 115ms (cache miss)
npm http cache https://registry.npmjs.org/glob-parent 13ms (cache hit)
npm http fetch GET 200 https://registry.npmjs.org/@nodelib%2ffs.stat 136ms (cache miss)
npm http cache https://registry.npmjs.org/merge2 16ms (cache hit)
npm http fetch GET 200 https://registry.npmjs.org/@nodelib%2ffs.walk 271ms (cache miss)
npm http fetch GET 200 https://registry.npmjs.org/braces 108ms (cache miss)
npm http cache https://registry.npmjs.org/picomatch 11ms (cache hit)
npm http fetch GET 200 https://registry.npmjs.org/@nodelib%2ffs.scandir 131ms (cache miss)
npm http fetch GET 200 https://registry.npmjs.org/fastq 172ms (cache miss)
npm http fetch GET 200 https://registry.npmjs.org/reusify 98ms (cache miss)
npm http fetch GET 200 https://registry.npmjs.org/run-parallel 126ms (cache miss)
npm http fetch GET 200 https://registry.npmjs.org/queue-microtask 168ms (cache miss)
npm http fetch GET 200 https://registry.npmjs.org/callsites 94ms (cache miss)
npm http fetch GET 200 https://registry.npmjs.org/side-channel-weakmap 164ms (cache miss)
npm http fetch GET 200 https://registry.npmjs.org/side-channel-map 169ms (cache miss)
npm http fetch GET 200 https://registry.npmjs.org/side-channel-list 174ms (cache miss)
npm http fetch GET 200 https://registry.npmjs.org/diff-sequences 150ms (cache miss)
npm http fetch GET 200 https://registry.npmjs.org/p-limit 162ms (cache miss)
npm http fetch GET 200 https://registry.npmjs.org/fill-range 156ms (cache miss)
npm http fetch GET 200 https://registry.npmjs.org/to-regex-range 118ms (cache miss)
npm http fetch GET 200 https://registry.npmjs.org/is-number 96ms (cache miss)
npm http fetch GET 200 https://registry.npmjs.org/balanced-match 113ms (cache miss)
npm http fetch GET 200 https://registry.npmjs.org/yocto-queue 83ms (cache miss)
npm http fetch GET 200 https://registry.npmjs.org/void-elements 103ms (cache miss)
npm http fetch GET 200 https://registry.npmjs.org/cookie 181ms (cache miss)
npm http fetch GET 200 https://registry.npmjs.org/set-cookie-parser 184ms (cache miss)
npm http fetch GET 200 https://registry.npmjs.org/min-indent 130ms (cache miss)
npm http fetch GET 200 https://registry.npmjs.org/is-binary-path 106ms (cache miss)
npm http fetch GET 200 https://registry.npmjs.org/anymatch 127ms (cache miss)
npm http cache https://registry.npmjs.org/normalize-path 27ms (cache hit)
npm http cache https://registry.npmjs.org/fsevents 26ms (cache hit)
npm http fetch GET 200 https://registry.npmjs.org/readdirp 204ms (cache miss)
npm http fetch GET 200 https://registry.npmjs.org/read-cache 106ms (cache miss)
npm http fetch GET 200 https://registry.npmjs.org/camelcase-css 96ms (cache miss)
npm http cache https://registry.npmjs.org/postcss-selector-parser 15ms (cache hit)
npm http fetch GET 200 https://registry.npmjs.org/util-deprecate 81ms (cache miss)
npm http fetch GET 200 https://registry.npmjs.org/cssesc 152ms (cache miss)
npm http fetch GET 200 https://registry.npmjs.org/commander 169ms (cache miss)
npm http fetch GET 200 https://registry.npmjs.org/yaml 355ms (cache miss)
npm http fetch GET 200 https://registry.npmjs.org/glob 170ms (cache miss)
npm http fetch GET 200 https://registry.npmjs.org/lines-and-columns 111ms (cache miss)
npm http fetch GET 200 https://registry.npmjs.org/pirates 95ms (cache miss)
npm http fetch GET 200 https://registry.npmjs.org/mz 129ms (cache miss)
npm http fetch GET 200 https://registry.npmjs.org/ts-interface-checker 99ms (cache miss)
npm http fetch GET 200 https://registry.npmjs.org/binary-extensions 103ms (cache miss)
npm http fetch GET 200 https://registry.npmjs.org/pify 176ms (cache miss)
npm http fetch GET 200 https://registry.npmjs.org/jackspeak 137ms (cache miss)
npm http fetch GET 200 https://registry.npmjs.org/path-scurry 174ms (cache miss)
npm http fetch GET 200 https://registry.npmjs.org/minipass 212ms (cache miss)
npm http fetch GET 200 https://registry.npmjs.org/foreground-child 89ms (cache miss)
npm http fetch GET 200 https://registry.npmjs.org/package-json-from-dist 97ms (cache miss)
npm http fetch GET 200 https://registry.npmjs.org/any-promise 92ms (cache miss)
npm http fetch GET 200 https://registry.npmjs.org/thenify-all 88ms (cache miss)
npm http fetch GET 200 https://registry.npmjs.org/@isaacs%2fcliui 120ms (cache miss)
npm http fetch GET 200 https://registry.npmjs.org/signal-exit 130ms (cache miss)
npm http cache https://registry.npmjs.org/lru-cache 17ms (cache hit)
npm http fetch GET 200 https://registry.npmjs.org/@pkgjs%2fparseargs 302ms (cache miss)
npm http fetch GET 200 https://registry.npmjs.org/string-width 101ms (cache miss)
npm http fetch GET 200 https://registry.npmjs.org/strip-ansi 124ms (cache miss)
npm http fetch GET 200 https://registry.npmjs.org/strip-ansi 94ms (cache miss)
npm http fetch GET 200 https://registry.npmjs.org/wrap-ansi 123ms (cache miss)
npm http fetch GET 200 https://registry.npmjs.org/wrap-ansi 91ms (cache miss)
npm http fetch GET 200 https://registry.npmjs.org/string-width 915ms (cache miss)
npm http cache https://registry.npmjs.org/emoji-regex 13ms (cache hit)
npm http cache https://registry.npmjs.org/strip-ansi 20ms (cache hit)
npm http cache https://registry.npmjs.org/ansi-regex 7ms (cache hit)
npm http cache https://registry.npmjs.org/string-width 13ms (cache hit)
npm http fetch GET 200 https://registry.npmjs.org/eastasianwidth 98ms (cache miss)
npm http fetch GET 200 https://registry.npmjs.org/is-fullwidth-code-point 91ms (cache miss)
npm http fetch GET 200 https://registry.npmjs.org/thenify 102ms (cache miss)
npm http cache https://registry.npmjs.org/minimist 18ms (cache hit)
npm http fetch GET 200 https://registry.npmjs.org/which-builtin-type 151ms (cache miss)
npm http fetch GET 200 https://registry.npmjs.org/is-generator-function 104ms (cache miss)
npm http fetch GET 200 https://registry.npmjs.org/is-async-function 113ms (cache miss)
npm http fetch GET 200 https://registry.npmjs.org/is-finalizationregistry 116ms (cache miss)
npm http cache https://registry.npmjs.org/which-boxed-primitive 20ms (cache hit)
npm http fetch GET 200 https://registry.npmjs.org/which-collection 80ms (cache miss)
npm http fetch GET 200 https://registry.npmjs.org/is-bigint 132ms (cache miss)
npm http fetch GET 200 https://registry.npmjs.org/is-boolean-object 135ms (cache miss)
npm http fetch GET 200 https://registry.npmjs.org/is-number-object 137ms (cache miss)
npm http fetch GET 200 https://registry.npmjs.org/@esbuild%2fandroid-arm64 244ms (cache miss)
npm http fetch GET 200 https://registry.npmjs.org/@esbuild%2faix-ppc64 267ms (cache miss)
npm http fetch GET 200 https://registry.npmjs.org/@esbuild%2fandroid-arm 286ms (cache miss)
npm http fetch GET 200 https://registry.npmjs.org/@esbuild%2fdarwin-x64 220ms (cache miss)
npm http fetch GET 200 https://registry.npmjs.org/@esbuild%2fandroid-x64 330ms (cache miss)
npm http fetch GET 200 https://registry.npmjs.org/@esbuild%2fdarwin-arm64 324ms (cache miss)
npm http fetch GET 200 https://registry.npmjs.org/@esbuild%2ffreebsd-x64 150ms (cache miss)
npm http fetch GET 200 https://registry.npmjs.org/@esbuild%2flinux-arm 326ms (cache miss)
npm http fetch GET 200 https://registry.npmjs.org/@esbuild%2ffreebsd-arm64 444ms (cache miss)
npm http fetch GET 200 https://registry.npmjs.org/@esbuild%2flinux-arm64 332ms (cache miss)
npm http fetch GET 200 https://registry.npmjs.org/@esbuild%2flinux-mips64el 148ms (cache miss)
npm http fetch GET 200 https://registry.npmjs.org/@esbuild%2flinux-ia32 315ms (cache miss)
npm http fetch GET 200 https://registry.npmjs.org/@esbuild%2flinux-loong64 290ms (cache miss)
npm http fetch GET 200 https://registry.npmjs.org/@esbuild%2flinux-ppc64 327ms (cache miss)
npm http fetch GET 200 https://registry.npmjs.org/@esbuild%2flinux-riscv64 345ms (cache miss)
npm http fetch GET 200 https://registry.npmjs.org/@esbuild%2flinux-s390x 447ms (cache miss)
npm http fetch GET 200 https://registry.npmjs.org/@esbuild%2fnetbsd-arm64 291ms (cache miss)
npm http fetch GET 200 https://registry.npmjs.org/@esbuild%2flinux-x64 435ms (cache miss)
npm http fetch GET 200 https://registry.npmjs.org/@esbuild%2fnetbsd-x64 357ms (cache miss)
npm http fetch GET 200 https://registry.npmjs.org/@esbuild%2fopenharmony-arm64 97ms (cache miss)
npm http fetch GET 200 https://registry.npmjs.org/@esbuild%2fopenbsd-arm64 332ms (cache miss)
npm http fetch GET 200 https://registry.npmjs.org/@esbuild%2fsunos-x64 185ms (cache miss)
npm http fetch GET 200 https://registry.npmjs.org/@esbuild%2fopenbsd-x64 506ms (cache miss)
npm http fetch GET 200 https://registry.npmjs.org/@esbuild%2fwin32-ia32 181ms (cache miss)
npm http fetch GET 200 https://registry.npmjs.org/@esbuild%2fwin32-arm64 348ms (cache miss)
npm http fetch GET 200 https://registry.npmjs.org/@rollup%2frollup-darwin-arm64 191ms (cache miss)
npm http fetch GET 200 https://registry.npmjs.org/@rollup%2frollup-android-arm64 462ms (cache miss)
npm http fetch GET 200 https://registry.npmjs.org/@esbuild%2fwin32-x64 555ms (cache miss)
npm http fetch GET 200 https://registry.npmjs.org/@rollup%2frollup-win32-arm64-msvc 385ms (cache miss)
npm http fetch GET 200 https://registry.npmjs.org/@rollup%2frollup-freebsd-arm64 178ms (cache miss)
npm http fetch GET 200 https://registry.npmjs.org/@rollup%2frollup-linux-arm64-musl 217ms (cache miss)
npm http fetch GET 200 https://registry.npmjs.org/@rollup%2frollup-linux-arm64-gnu 348ms (cache miss)
npm http fetch GET 200 https://registry.npmjs.org/@rollup%2frollup-android-arm-eabi 279ms (cache miss)
npm http fetch GET 200 https://registry.npmjs.org/@rollup%2frollup-linux-arm-musleabihf 290ms (cache miss)
npm http fetch GET 200 https://registry.npmjs.org/@rollup%2frollup-linux-arm-gnueabihf 363ms (cache miss)
npm http fetch GET 200 https://registry.npmjs.org/@rollup%2frollup-win32-ia32-msvc 247ms (cache miss)
npm http fetch GET 200 https://registry.npmjs.org/@rollup%2frollup-linux-riscv64-musl 127ms (cache miss)
npm http fetch GET 200 https://registry.npmjs.org/@rollup%2frollup-linux-ppc64-gnu 112ms (cache miss)
npm http fetch GET 200 https://registry.npmjs.org/@rollup%2frollup-linux-loongarch64-gnu 295ms (cache miss)
npm http fetch GET 200 https://registry.npmjs.org/@rollup%2frollup-linux-riscv64-gnu 332ms (cache miss)
npm http fetch GET 200 https://registry.npmjs.org/@rollup%2frollup-linux-s390x-gnu 295ms (cache miss)
npm http fetch GET 200 https://registry.npmjs.org/@rollup%2frollup-darwin-x64 298ms (cache miss)
npm http fetch GET 200 https://registry.npmjs.org/@rollup%2frollup-freebsd-x64 155ms (cache miss)
npm http fetch GET 200 https://registry.npmjs.org/@rollup%2frollup-win32-x64-msvc 396ms (cache miss)
npm http fetch GET 200 https://registry.npmjs.org/@rollup%2frollup-linux-x64-gnu 445ms (cache miss)
npm http fetch GET 200 https://registry.npmjs.org/@rollup%2frollup-linux-x64-musl 382ms (cache miss)
npm http fetch GET 200 https://registry.npmjs.org/is-map 116ms (cache miss)
npm http fetch GET 200 https://registry.npmjs.org/async-function 120ms (cache miss)
npm http fetch GET 200 https://registry.npmjs.org/is-weakmap 123ms (cache miss)
npm http fetch GET 200 https://registry.npmjs.org/is-weakset 93ms (cache miss)
npm http fetch GET 200 https://registry.npmjs.org/concat-map 100ms (cache miss)
npm verbose type range
npm verbose stack @types/react-i18next: No matching version found for @types/react-i18next@^13.0.0.
npm verbose stack     at module.exports (C:\Program Files\nodejs\node_modules\npm\node_modules\npm-pick-manifest\lib\index.js:215:23)
npm verbose stack     at RegistryFetcher.manifest (C:\Program Files\nodejs\node_modules\npm\node_modules\pacote\lib\registry.js:130:54)
npm verbose stack     at async #fetchManifest (C:\Program Files\nodejs\node_modules\npm\node_modules\@npmcli\arborist\lib\arborist\build-ideal-tree.js:1202:20)
npm verbose stack     at async #nodeFromEdge (C:\Program Files\nodejs\node_modules\npm\node_modules\@npmcli\arborist\lib\arborist\build-ideal-tree.js:1040:19)
npm verbose stack     at async #buildDepStep (C:\Program Files\nodejs\node_modules\npm\node_modules\@npmcli\arborist\lib\arborist\build-ideal-tree.js:904:11)
npm verbose stack     at async Arborist.buildIdealTree (C:\Program Files\nodejs\node_modules\npm\node_modules\@npmcli\arborist\lib\arborist\build-ideal-tree.js:181:7)
npm verbose stack     at async Promise.all (index 1)
npm verbose stack     at async Arborist.reify (C:\Program Files\nodejs\node_modules\npm\node_modules\@npmcli\arborist\lib\arborist\reify.js:131:5)
npm verbose stack     at async Install.exec (C:\Program Files\nodejs\node_modules\npm\lib\commands\install.js:150:5)
npm verbose stack     at async Npm.exec (C:\Program Files\nodejs\node_modules\npm\lib\npm.js:207:9)
npm error code ETARGET
npm error notarget No matching version found for @types/react-i18next@^13.0.0.
npm error notarget In most cases you or one of your dependencies are requesting
npm error notarget a package version that doesn't exist.
npm verbose cwd C:\Users\Harshit\WEBSITE\My-Website
npm verbose os Windows_NT 10.0.19045
npm verbose node v22.16.0
npm verbose npm  v10.9.2
npm verbose exit 1
npm verbose code 1
npm error A complete log of this run can be found in: C:\Users\Harshit\AppData\Local\npm-cache\_logs\2025-08-10T10_02_23_758Z-debug-0.log
